<?xml version="1.0" encoding="UTF-8"?>
<testng-results skipped="0" failed="0" total="1" passed="1">
  <reporter-output>
  </reporter-output>
  <suite name="Example test run" duration-ms="19" started-at="2019-03-26T06:09:02Z" finished-at="2019-03-26T06:09:02Z">
    <groups>
    </groups>
    <test name="Simple Test" duration-ms="19" started-at="2019-03-26T06:09:02Z" finished-at="2019-03-26T06:09:02Z">
      <class name="test1.jenkinsIntegration">
        <test-method status="PASS" signature="f()[pri:0, instance:test1.jenkinsIntegration@6833ce2c]" name="f" duration-ms="7" started-at="2019-03-26T11:39:02Z" finished-at="2019-03-26T11:39:02Z">
          <reporter-output>
          </reporter-output>
        </test-method> <!-- f -->
      </class> <!-- test1.jenkinsIntegration -->
    </test> <!-- Simple Test -->
  </suite> <!-- Example test run -->
</testng-results>
